[     189ms] [INFO] %cDownload the React DevTools for a better development experience: https://react.dev/link/react-devtools font-weight:bold @ http://localhost:3000/_next/static/chunks/node_modules_next_dist_115brz8._.js:2477
[     257ms] [LOG] [HMR] connected @ http://localhost:3000/_next/static/chunks/node_modules_next_dist_115brz8._.js:2477
[     296ms] [ERROR] Failed to load resource: the server responded with a status of 404 (Not Found) @ http://localhost:3000/favicon.ico:0
[    1027ms] [LOG] 📦 DATOS CRUDOS - Todos los producto: @ http://localhost:3000/_next/static/chunks/node_modules_next_dist_115brz8._.js:2477
[    1027ms] [LOG] [Object, Object, Object] @ http://localhost:3000/_next/static/chunks/node_modules_next_dist_115brz8._.js:2477
[    1027ms] [LOG] 🔍 PRIMER PRODUCTO COMPLETO: @ http://localhost:3000/_next/static/chunks/node_modules_next_dist_115brz8._.js:2477
[    1027ms] [LOG] {
  "id": "3863c11e-f104-41ee-baad-6a4f9406581c",
  "codigo": "QUESO-FRESCO",
  "descripcion": "Queso Fresco",
  "tipo_inventario": "Producto Terminado",
  "situacion": true,
  "created_at": "2026-06-01T03:20:18.254306+00:00"
} @ http://localhost:3000/_next/static/chunks/node_modules_next_dist_115brz8._.js:2477
[    1027ms] [LOG] 🏷️ CAMPOS DISPONIBLES EN PRODUCTO: @ http://localhost:3000/_next/static/chunks/node_modules_next_dist_115brz8._.js:2477
[    1027ms] [LOG] [id, codigo, descripcion, tipo_inventario, situacion, created_at] @ http://localhost:3000/_next/static/chunks/node_modules_next_dist_115brz8._.js:2477
[    1027ms] [LOG] 📋 VALORES DE TIPO_INVENTARIO EN TODOS LOS PRODUCTOS: @ http://localhost:3000/_next/static/chunks/node_modules_next_dist_115brz8._.js:2477
[    1027ms] [LOG]   [0] QUESO-FRESCO: tipo_inventario="Producto Terminado" @ http://localhost:3000/_next/static/chunks/node_modules_next_dist_115brz8._.js:2477
[    1028ms] [LOG]   [1] LECHE-CRUDA: tipo_inventario="Materia Prima" @ http://localhost:3000/_next/static/chunks/node_modules_next_dist_115brz8._.js:2477
[    1028ms] [LOG]   [2] SAL: tipo_inventario="Materia Prima" @ http://localhost:3000/_next/static/chunks/node_modules_next_dist_115brz8._.js:2477
[    1248ms] [ERROR] Failed to load resource: the server responded with a status of 400 () @ https://hakxvtffjwrywpfsipvo.supabase.co/rest/v1/producto?select=id%2Ccodigo%2Cdescripcion%2Csituacion%2Ctipo_inventario%2Cunidad_medida%3Aid_unidad_medida%28descripcion%29:0
[    1249ms] [LOG] ✅ PRODUCTOS FORMATEADOS: [] @ http://localhost:3000/_next/static/chunks/node_modules_next_dist_115brz8._.js:2477
[    1249ms] [LOG] 🎯 FILTRADOS POR "undefined": 0 @ http://localhost:3000/_next/static/chunks/node_modules_next_dist_115brz8._.js:2477
[   16128ms] [LOG] [Fast Refresh] rebuilding @ http://localhost:3000/_next/static/chunks/node_modules_next_dist_115brz8._.js:2477
[   16173ms] [LOG] [Fast Refresh] done in 121ms @ http://localhost:3000/_next/static/chunks/node_modules_next_dist_115brz8._.js:2477
