[    1764ms] [INFO] %cDownload the React DevTools for a better development experience: https://react.dev/link/react-devtools font-weight:bold @ http://localhost:3000/_next/static/chunks/node_modules_next_dist_115brz8._.js:2477
[    1823ms] [LOG] [Zustand] ✅ Productos hidratados: 13 @ http://localhost:3000/_next/static/chunks/node_modules_next_dist_115brz8._.js:2477
[    1824ms] [ERROR] [Zustand] Error rehydrating referencias: TypeError: Cannot read properties of undefined (reading 'data')
    at Object.merge (http://localhost:3000/_next/static/chunks/src_0-k8up3._.js:1228:33)
    at http://localhost:3000/_next/static/chunks/node_modules_0~eo_5k._.js:1420:44
    at http://localhost:3000/_next/static/chunks/node_modules_0~eo_5k._.js:1311:28
    at Object.then (http://localhost:3000/_next/static/chunks/node_modules_0~eo_5k._.js:1317:51)
    at hydrate (http://localhost:3000/_next/static/chunks/node_modules_0~eo_5k._.js:1414:16)
    at http://localhost:3000/_next/static/chunks/node_modules_0~eo_5k._.js:1470:13
    at createStoreImpl (http://localhost:3000/_next/static/chunks/node_modules_0~eo_5k._.js:948:34)
    at createStore (http://localhost:3000/_next/static/chunks/node_modules_0~eo_5k._.js:951:50)
    at createImpl (http://localhost:3000/_next/static/chunks/node_modules_0~eo_5k._.js:984:178)
    at module evaluation (http://localhost:3000/_next/static/chunks/src_0-k8up3._.js:1156:183)
    at http://localhost:3000/_next/static/chunks/turbopack-_0p44nws._.js:1307:27
    at runModuleExecutionHooks (http://localhost:3000/_next/static/chunks/turbopack-_0p44nws._.js:1636:13)
    at instantiateModuleShared (http://localhost:3000/_next/static/chunks/turbopack-_0p44nws._.js:1305:9)
    at instantiateModule (http://localhost:3000/_next/static/chunks/turbopack-_0p44nws._.js:1621:12)
    at getOrInstantiateModuleFromParent (http://localhost:3000/_next/static/chunks/turbopack-_0p44nws._.js:1604:12)
    at DevContext.esmImport [as i] (http://localhost:3000/_next/static/chunks/turbopack-_0p44nws._.js:278:20)
    at module evaluation (http://localhost:3000/_next/static/chunks/src_0-k8up3._.js:1979:190)
    at http://localhost:3000/_next/static/chunks/turbopack-_0p44nws._.js:1307:27
    at runModuleExecutionHooks (http://localhost:3000/_next/static/chunks/turbopack-_0p44nws._.js:1636:13)
    at instantiateModuleShared (http://localhost:3000/_next/static/chunks/turbopack-_0p44nws._.js:1305:9)
    at instantiateModule (http://localhost:3000/_next/static/chunks/turbopack-_0p44nws._.js:1621:12)
    at getOrInstantiateModuleFromParent (http://localhost:3000/_next/static/chunks/turbopack-_0p44nws._.js:1604:12)
    at DevContext.esmImport [as i] (http://localhost:3000/_next/static/chunks/turbopack-_0p44nws._.js:278:20)
    at module evaluation (http://localhost:3000/_next/static/chunks/src_0-k8up3._.js:2826:187)
    at http://localhost:3000/_next/static/chunks/turbopack-_0p44nws._.js:1307:27
    at runModuleExecutionHooks (http://localhost:3000/_next/static/chunks/turbopack-_0p44nws._.js:1636:13)
    at instantiateModuleShared (http://localhost:3000/_next/static/chunks/turbopack-_0p44nws._.js:1305:9)
    at instantiateModule (http://localhost:3000/_next/static/chunks/turbopack-_0p44nws._.js:1621:12)
    at getOrInstantiateModuleFromParent (http://localhost:3000/_next/static/chunks/turbopack-_0p44nws._.js:1604:12)
    at DevContext.commonJsRequire [as r] (http://localhost:3000/_next/static/chunks/turbopack-_0p44nws._.js:299:12)
    at requireModule (http://localhost:3000/_next/static/chunks/node_modules_next_dist_compiled_react-server-dom-turbopack_0p3wegg._.js:95:84)
    at initializeModuleChunk (http://localhost:3000/_next/static/chunks/node_modules_next_dist_compiled_react-server-dom-turbopack_0p3wegg._.js:1110:25)
    at resolveModuleChunk (http://localhost:3000/_next/static/chunks/node_modules_next_dist_compiled_react-server-dom-turbopack_0p3wegg._.js:1030:43)
    at http://localhost:3000/_next/static/chunks/node_modules_next_dist_compiled_react-server-dom-turbopack_0p3wegg._.js:1758:24 @ http://localhost:3000/_next/static/chunks/node_modules_next_dist_115brz8._.js:3318
[    1837ms] [LOG] [HMR] connected @ http://localhost:3000/_next/static/chunks/node_modules_next_dist_115brz8._.js:2477
[    1889ms] [ERROR] Failed to load resource: the server responded with a status of 404 (Not Found) @ http://localhost:3000/favicon.ico:0
[    1971ms] [LOG] [Sync] ✅ proveedores: Both have data - keeping local (more recent) @ http://localhost:3000/_next/static/chunks/node_modules_next_dist_115brz8._.js:2477
[    1976ms] [LOG] [Sync] ✅ bodegas: Downloaded 2 items from server @ http://localhost:3000/_next/static/chunks/node_modules_next_dist_115brz8._.js:2477
[    1980ms] [LOG] [Sync] ✅ referencias: Both have data - keeping local (more recent) @ http://localhost:3000/_next/static/chunks/node_modules_next_dist_115brz8._.js:2477
[    1984ms] [LOG] [Sync] ✅ correos-enviados: Downloaded 1 items from server @ http://localhost:3000/_next/static/chunks/node_modules_next_dist_115brz8._.js:2477
[    1987ms] [LOG] [Sync] ✅ ordenes-compra: Downloaded 4 items from server @ http://localhost:3000/_next/static/chunks/node_modules_next_dist_115brz8._.js:2477
[    1991ms] [LOG] [Sync] ✅ productos: Downloaded 13 items from server @ http://localhost:3000/_next/static/chunks/node_modules_next_dist_115brz8._.js:2477
[    2001ms] [LOG] [Sync] ✅ centros-costo: Downloaded 5 items from server @ http://localhost:3000/_next/static/chunks/node_modules_next_dist_115brz8._.js:2477
[    2007ms] [LOG] [Sync] ✅ transferencias: Downloaded 1 items from server @ http://localhost:3000/_next/static/chunks/node_modules_next_dist_115brz8._.js:2477
[    2012ms] [LOG] [Sync] ℹ️  ajustes-inventario: Both empty @ http://localhost:3000/_next/static/chunks/node_modules_next_dist_115brz8._.js:2477
[    2035ms] [LOG] [Sync] ✅ recepcion-facturas: Downloaded 3 items from server @ http://localhost:3000/_next/static/chunks/node_modules_next_dist_115brz8._.js:2477
[    2036ms] [LOG] [Sync] ℹ️  recepcion-remisiones: Both empty @ http://localhost:3000/_next/static/chunks/node_modules_next_dist_115brz8._.js:2477
[    2036ms] [LOG] [Sync] ✅ usuarios: Both have data - keeping local (more recent) @ http://localhost:3000/_next/static/chunks/node_modules_next_dist_115brz8._.js:2477
[    2058ms] [LOG] [Sync] ℹ️  carga-inicial: Both empty @ http://localhost:3000/_next/static/chunks/node_modules_next_dist_115brz8._.js:2477
[    2061ms] [LOG] [Sync] ✅ modulos-sistema: Downloaded 22 items from server @ http://localhost:3000/_next/static/chunks/node_modules_next_dist_115brz8._.js:2477
[    2070ms] [LOG] [Sync] ✅ personal-empresa: Downloaded 5 items from server @ http://localhost:3000/_next/static/chunks/node_modules_next_dist_115brz8._.js:2477
[    2070ms] [LOG] [Sync] ✅ tareas: Downloaded 4 items from server @ http://localhost:3000/_next/static/chunks/node_modules_next_dist_115brz8._.js:2477
[    2073ms] [LOG] [Sync] ✅ pedidos: Downloaded 1 items from server @ http://localhost:3000/_next/static/chunks/node_modules_next_dist_115brz8._.js:2477
[    2075ms] [LOG] [Sync] ℹ️  pagos-proveedores: Both empty @ http://localhost:3000/_next/static/chunks/node_modules_next_dist_115brz8._.js:2477
[    2089ms] [LOG] [Sync] ✅ datos-empresa: Downloaded 1 items from server @ http://localhost:3000/_next/static/chunks/node_modules_next_dist_115brz8._.js:2477
[    2098ms] [LOG] [Sync] ℹ️  control-bancario: Both empty @ http://localhost:3000/_next/static/chunks/node_modules_next_dist_115brz8._.js:2477
