[      46ms] [ERROR] Failed to load resource: the server responded with a status of 500 (Internal Server Error) @ http://localhost:3000/produccion/formulaciones:0
[      63ms] [INFO] %cDownload the React DevTools for a better development experience: https://react.dev/link/react-devtools font-weight:bold @ http://localhost:3000/_next/static/chunks/node_modules_react-dom_0bruynb._.js:15305
[      75ms] Error: ./src/app/globals.css
Error evaluating Node.js code
Error: ENOENT: no such file or directory, stat '/Users/josepalomares/aplicaciones/gestionoperaciones-spin/src/app//(main/)/produccion/formulaciones/page.tsx'
    [at Object.statSync (node:fs:1725:25)]
    [at resolveChangedFiles (/Users/josepalomares/aplicaciones/gestionoperaciones-spin/node_modules/tailwindcss/lib/lib/content.js:236:36)]
    [at resolvedChangedContent (/Users/josepalomares/aplicaciones/gestionoperaciones-spin/node_modules/tailwindcss/lib/lib/content.js:147:42)]
    [at /Users/josepalomares/aplicaciones/gestionoperaciones-spin/node_modules/tailwindcss/lib/lib/setupTrackingContext.js:136:99]
    [at /Users/josepalomares/aplicaciones/gestionoperaciones-spin/node_modules/tailwindcss/lib/processTailwindFeatures.js:46:11]
    [at plugins (/Users/josepalomares/aplicaciones/gestionoperaciones-spin/node_modules/tailwindcss/lib/plugin.js:38:69)]
    [at LazyResult.runOnRoot (turbopack:///[project]/node_modules/postcss/lib/lazy-result.js:361:16)]
    [at LazyResult.runAsync (turbopack:///[project]/node_modules/postcss/lib/lazy-result.js:290:26)]
    [at LazyResult.async (turbopack:///[project]/node_modules/postcss/lib/lazy-result.js:192:30)]
    [at LazyResult.then (turbopack:///[project]/node_modules/postcss/lib/lazy-result.js:449:17)]

Import trace:
  Client Component Browser:
    ./src/app/globals.css [Client Component Browser]
    ./src/app/layout.tsx [Server Component]


    at Object.getCompilationErrors (file:///Users/josepalomares/aplicaciones/gestionoperaciones-spin/node_modules/next/dist/server/dev/hot-reloader-turbopack.js:1186:59)
    at DevBundlerService.getCompilationError (file:///Users/josepalomares/aplicaciones/gestionoperaciones-spin/node_modules/next/dist/server/lib/dev-bundler-service.js:44:55)
    at DevServer.getCompilationError (file:///Users/josepalomares/aplicaciones/gestionoperaciones-spin/node_modules/next/dist/server/dev/next-dev-server.js:720:42)
    at DevServer.findPageComponents (file:///Users/josepalomares/aplicaciones/gestionoperaciones-spin/node_modules/next/dist/server/dev/next-dev-server.js:690:43)
    at async DevServer.renderErrorToResponseImpl (file:///Users/josepalomares/aplicaciones/gestionoperaciones-spin/node_modules/next/dist/server/base-server.js:1753:26)
[      73ms] [LOG] [HMR] connected @ http://localhost:3000/_next/static/chunks/node_modules_next_dist_0u_w_5s._.js:1226
[      75ms] [ERROR] ./src/app/globals.css
Error evaluating Node.js code
Error: ENOENT: no such file or directory, stat '/Users/josepalomares/aplicaciones/gestionoperaciones-spin/src/app//(main/)/produccion/formulaciones/page.tsx'
    [at Object.statSync (node:fs:1725:25)]
    [at resolveChangedFiles (/Users/josepalomares/aplicaciones/gestionoperaciones-spin/node_modules/tailwindcss/lib/lib/content.js:236:36)]
    [at resolvedChangedContent (/Users/josepalomares/aplicaciones/gestionoperaciones-spin/node_modules/tailwindcss/lib/lib/content.js:147:42)]
    [at /Users/josepalomares/aplicaciones/gestionoperaciones-spin/node_modules/tailwindcss/lib/lib/setupTrackingContext.js:136:99]
    [at /Users/josepalomares/aplicaciones/gestionoperaciones-spin/node_modules/tailwindcss/lib/processTailwindFeatures.js:46:11]
    [at plugins (/Users/josepalomares/aplicaciones/gestionoperaciones-spin/node_modules/tailwindcss/lib/plugin.js:38:69)]
    [at LazyResult.runOnRoot (turbopack:///[project]/node_modules/postcss/lib/lazy-result.js:361:16)]
    [at LazyResult.runAsync (turbopack:///[project]/node_modules/postcss/lib/lazy-result.js:290:26)]
    [at LazyResult.async (turbopack:///[project]/node_modules/postcss/lib/lazy-result.js:192:30)]
    [at LazyResult.then (turbopack:///[project]/node_modules/postcss/lib/lazy-result.js:449:17)]

Import trace:
  Client Component Browser:
    ./src/app/globals.css [Client Component Browser]
    ./src/app/layout.tsx [Server Component] @ http://localhost:3000/_next/static/chunks/node_modules_next_dist_0u_w_5s._.js:1945
[     110ms] [ERROR] ./src/app/globals.css
Error evaluating Node.js code
Error: ENOENT: no such file or directory, stat '/Users/josepalomares/aplicaciones/gestionoperaciones-spin/src/app//(main/)/produccion/formulaciones/page.tsx'
    [at Object.statSync (node:fs:1725:25)]
    [at resolveChangedFiles (/Users/josepalomares/aplicaciones/gestionoperaciones-spin/node_modules/tailwindcss/lib/lib/content.js:236:36)]
    [at resolvedChangedContent (/Users/josepalomares/aplicaciones/gestionoperaciones-spin/node_modules/tailwindcss/lib/lib/content.js:147:42)]
    [at /Users/josepalomares/aplicaciones/gestionoperaciones-spin/node_modules/tailwindcss/lib/lib/setupTrackingContext.js:136:99]
    [at /Users/josepalomares/aplicaciones/gestionoperaciones-spin/node_modules/tailwindcss/lib/processTailwindFeatures.js:46:11]
    [at plugins (/Users/josepalomares/aplicaciones/gestionoperaciones-spin/node_modules/tailwindcss/lib/plugin.js:38:69)]
    [at LazyResult.runOnRoot (turbopack:///[project]/node_modules/postcss/lib/lazy-result.js:361:16)]
    [at LazyResult.runAsync (turbopack:///[project]/node_modules/postcss/lib/lazy-result.js:290:26)]
    [at LazyResult.async (turbopack:///[project]/node_modules/postcss/lib/lazy-result.js:192:30)]
    [at LazyResult.then (turbopack:///[project]/node_modules/postcss/lib/lazy-result.js:449:17)]

Import trace:
  Client Component Browser:
    ./src/app/globals.css [Client Component Browser]
    ./src/app/layout.tsx [Server Component] @ http://localhost:3000/_next/static/chunks/node_modules_next_dist_0u_w_5s._.js:1945
[     175ms] [LOG] [Fast Refresh] rebuilding @ http://localhost:3000/_next/static/chunks/node_modules_next_dist_0u_w_5s._.js:1226
[    9936ms] [LOG] [HMR] connected @ http://localhost:3000/_next/static/chunks/node_modules_next_dist_0u_w_5s._.js:1226
[   12279ms] [INFO] %cDownload the React DevTools for a better development experience: https://react.dev/link/react-devtools font-weight:bold @ http://localhost:3000/_next/static/chunks/node_modules_next_dist_115brz8._.js:2477
[   12361ms] [LOG] [HMR] connected @ http://localhost:3000/_next/static/chunks/node_modules_next_dist_115brz8._.js:2477
[   12546ms] [LOG] [Fast Refresh] rebuilding @ http://localhost:3000/_next/static/chunks/node_modules_next_dist_115brz8._.js:2477
[   12711ms] [LOG] [Fast Refresh] done in 265ms @ http://localhost:3000/_next/static/chunks/node_modules_next_dist_115brz8._.js:2477
[   13183ms] [LOG] 📦 DATOS CRUDOS - Todos los producto: @ http://localhost:3000/_next/static/chunks/node_modules_next_dist_115brz8._.js:2477
[   13183ms] [LOG] [Object, Object, Object] @ http://localhost:3000/_next/static/chunks/node_modules_next_dist_115brz8._.js:2477
[   13184ms] [LOG] 🔍 PRIMER PRODUCTO COMPLETO: @ http://localhost:3000/_next/static/chunks/node_modules_next_dist_115brz8._.js:2477
[   13184ms] [LOG] {
  "id": "3863c11e-f104-41ee-baad-6a4f9406581c",
  "codigo": "QUESO-FRESCO",
  "descripcion": "Queso Fresco",
  "tipo_inventario": "Producto Terminado",
  "situacion": true,
  "created_at": "2026-06-01T03:20:18.254306+00:00"
} @ http://localhost:3000/_next/static/chunks/node_modules_next_dist_115brz8._.js:2477
[   13184ms] [LOG] 🏷️ CAMPOS DISPONIBLES EN PRODUCTO: @ http://localhost:3000/_next/static/chunks/node_modules_next_dist_115brz8._.js:2477
[   13184ms] [LOG] [id, codigo, descripcion, tipo_inventario, situacion, created_at] @ http://localhost:3000/_next/static/chunks/node_modules_next_dist_115brz8._.js:2477
[   13185ms] [LOG] 📋 VALORES DE TIPO_INVENTARIO EN TODOS LOS PRODUCTOS: @ http://localhost:3000/_next/static/chunks/node_modules_next_dist_115brz8._.js:2477
[   13185ms] [LOG]   [0] QUESO-FRESCO: tipo_inventario="Producto Terminado" @ http://localhost:3000/_next/static/chunks/node_modules_next_dist_115brz8._.js:2477
[   13185ms] [LOG]   [1] LECHE-CRUDA: tipo_inventario="Materia Prima" @ http://localhost:3000/_next/static/chunks/node_modules_next_dist_115brz8._.js:2477
[   13185ms] [LOG]   [2] SAL: tipo_inventario="Materia Prima" @ http://localhost:3000/_next/static/chunks/node_modules_next_dist_115brz8._.js:2477
[   13185ms] [LOG] ✅ PRODUCTOS FORMATEADOS: [Object, Object, Object] @ http://localhost:3000/_next/static/chunks/node_modules_next_dist_115brz8._.js:2477
[   13185ms] [LOG] 🎯 FILTRADOS POR "undefined": 3 @ http://localhost:3000/_next/static/chunks/node_modules_next_dist_115brz8._.js:2477
