[     127ms] [INFO] %cDownload the React DevTools for a better development experience: https://react.dev/link/react-devtools font-weight:bold @ http://localhost:3000/_next/static/chunks/node_modules_next_dist_115brz8._.js:2477
[     148ms] [LOG] [HMR] connected @ http://localhost:3000/_next/static/chunks/node_modules_next_dist_115brz8._.js:2477
[     178ms] [ERROR] Failed to load resource: the server responded with a status of 404 (Not Found) @ http://localhost:3000/favicon.ico:0
[    1017ms] [LOG] 📦 DATOS CRUDOS - Todos los producto: @ http://localhost:3000/_next/static/chunks/node_modules_next_dist_115brz8._.js:2477
[    1017ms] [LOG] [Object, Object, Object] @ http://localhost:3000/_next/static/chunks/node_modules_next_dist_115brz8._.js:2477
[    1018ms] [LOG] 🔍 PRIMER PRODUCTO COMPLETO: @ http://localhost:3000/_next/static/chunks/node_modules_next_dist_115brz8._.js:2477
[    1018ms] [LOG] {
  "id": "3863c11e-f104-41ee-baad-6a4f9406581c",
  "codigo": "QUESO-FRESCO",
  "descripcion": "Queso Fresco",
  "tipo_inventario": "Producto Terminado",
  "situacion": true,
  "created_at": "2026-06-01T03:20:18.254306+00:00"
} @ http://localhost:3000/_next/static/chunks/node_modules_next_dist_115brz8._.js:2477
[    1018ms] [LOG] 🏷️ CAMPOS DISPONIBLES EN PRODUCTO: @ http://localhost:3000/_next/static/chunks/node_modules_next_dist_115brz8._.js:2477
[    1018ms] [LOG] [id, codigo, descripcion, tipo_inventario, situacion, created_at] @ http://localhost:3000/_next/static/chunks/node_modules_next_dist_115brz8._.js:2477
[    1018ms] [LOG] 📋 VALORES DE TIPO_INVENTARIO EN TODOS LOS PRODUCTOS: @ http://localhost:3000/_next/static/chunks/node_modules_next_dist_115brz8._.js:2477
[    1019ms] [LOG]   [0] QUESO-FRESCO: tipo_inventario="Producto Terminado" @ http://localhost:3000/_next/static/chunks/node_modules_next_dist_115brz8._.js:2477
[    1019ms] [LOG]   [1] LECHE-CRUDA: tipo_inventario="Materia Prima" @ http://localhost:3000/_next/static/chunks/node_modules_next_dist_115brz8._.js:2477
[    1019ms] [LOG]   [2] SAL: tipo_inventario="Materia Prima" @ http://localhost:3000/_next/static/chunks/node_modules_next_dist_115brz8._.js:2477
[    1019ms] [LOG] ✅ PRODUCTOS FORMATEADOS: [Object, Object, Object] @ http://localhost:3000/_next/static/chunks/node_modules_next_dist_115brz8._.js:2477
[    1019ms] [LOG] 🎯 FILTRADOS POR "undefined": 3 @ http://localhost:3000/_next/static/chunks/node_modules_next_dist_115brz8._.js:2477
