[     200ms] [INFO] %cDownload the React DevTools for a better development experience: https://react.dev/link/react-devtools font-weight:bold @ http://localhost:3000/_next/static/chunks/node_modules_next_dist_115brz8._.js:2477
[     255ms] [LOG] [Zustand] ✅ Productos hidratados: 13 @ http://localhost:3000/_next/static/chunks/node_modules_next_dist_115brz8._.js:2477
[     256ms] [ERROR] [Zustand] Error rehydrating referencias: TypeError: Cannot read properties of undefined (reading 'data')
    at Object.merge (http://localhost:3000/_next/static/chunks/src_0-k8up3._.js:1238:33)
    at http://localhost:3000/_next/static/chunks/node_modules_0~eo_5k._.js:1420:44
    at http://localhost:3000/_next/static/chunks/node_modules_0~eo_5k._.js:1311:28
    at Object.then (http://localhost:3000/_next/static/chunks/node_modules_0~eo_5k._.js:1317:51)
    at hydrate (http://localhost:3000/_next/static/chunks/node_modules_0~eo_5k._.js:1414:16)
    at http://localhost:3000/_next/static/chunks/node_modules_0~eo_5k._.js:1470:13
    at createStoreImpl (http://localhost:3000/_next/static/chunks/node_modules_0~eo_5k._.js:948:34)
    at createStore (http://localhost:3000/_next/static/chunks/node_modules_0~eo_5k._.js:951:50)
    at createImpl (http://localhost:3000/_next/static/chunks/node_modules_0~eo_5k._.js:984:178)
    at module evaluation (http://localhost:3000/_next/static/chunks/src_0-k8up3._.js:1166:183)
    at http://localhost:3000/_next/static/chunks/turbopack-_0p44nws._.js:1307:27
    at runModuleExecutionHooks (http://localhost:3000/_next/static/chunks/turbopack-_0p44nws._.js:1636:13)
    at instantiateModuleShared (http://localhost:3000/_next/static/chunks/turbopack-_0p44nws._.js:1305:9)
    at instantiateModule (http://localhost:3000/_next/static/chunks/turbopack-_0p44nws._.js:1621:12)
    at getOrInstantiateModuleFromParent (http://localhost:3000/_next/static/chunks/turbopack-_0p44nws._.js:1604:12)
    at DevContext.esmImport [as i] (http://localhost:3000/_next/static/chunks/turbopack-_0p44nws._.js:278:20)
    at module evaluation (http://localhost:3000/_next/static/chunks/src_0-k8up3._.js:1989:190)
    at http://localhost:3000/_next/static/chunks/turbopack-_0p44nws._.js:1307:27
    at runModuleExecutionHooks (http://localhost:3000/_next/static/chunks/turbopack-_0p44nws._.js:1636:13)
    at instantiateModuleShared (http://localhost:3000/_next/static/chunks/turbopack-_0p44nws._.js:1305:9)
    at instantiateModule (http://localhost:3000/_next/static/chunks/turbopack-_0p44nws._.js:1621:12)
    at getOrInstantiateModuleFromParent (http://localhost:3000/_next/static/chunks/turbopack-_0p44nws._.js:1604:12)
    at DevContext.esmImport [as i] (http://localhost:3000/_next/static/chunks/turbopack-_0p44nws._.js:278:20)
    at module evaluation (http://localhost:3000/_next/static/chunks/src_0-k8up3._.js:2836:187)
    at http://localhost:3000/_next/static/chunks/turbopack-_0p44nws._.js:1307:27
    at runModuleExecutionHooks (http://localhost:3000/_next/static/chunks/turbopack-_0p44nws._.js:1636:13)
    at instantiateModuleShared (http://localhost:3000/_next/static/chunks/turbopack-_0p44nws._.js:1305:9)
    at instantiateModule (http://localhost:3000/_next/static/chunks/turbopack-_0p44nws._.js:1621:12)
    at getOrInstantiateModuleFromParent (http://localhost:3000/_next/static/chunks/turbopack-_0p44nws._.js:1604:12)
    at DevContext.commonJsRequire [as r] (http://localhost:3000/_next/static/chunks/turbopack-_0p44nws._.js:299:12)
    at requireModule (http://localhost:3000/_next/static/chunks/node_modules_next_dist_compiled_react-server-dom-turbopack_0p3wegg._.js:95:84)
    at initializeModuleChunk (http://localhost:3000/_next/static/chunks/node_modules_next_dist_compiled_react-server-dom-turbopack_0p3wegg._.js:1110:25)
    at resolveModuleChunk (http://localhost:3000/_next/static/chunks/node_modules_next_dist_compiled_react-server-dom-turbopack_0p3wegg._.js:1030:43)
    at http://localhost:3000/_next/static/chunks/node_modules_next_dist_compiled_react-server-dom-turbopack_0p3wegg._.js:1758:24 @ http://localhost:3000/_next/static/chunks/node_modules_next_dist_115brz8._.js:3318
[     281ms] [LOG] [HMR] connected @ http://localhost:3000/_next/static/chunks/node_modules_next_dist_115brz8._.js:2477
[     335ms] [ERROR] Failed to load resource: the server responded with a status of 404 (Not Found) @ http://localhost:3000/favicon.ico:0
[     944ms] [LOG] [Sync] ✅ correos-enviados: Downloaded 1 items from server @ http://localhost:3000/_next/static/chunks/node_modules_next_dist_115brz8._.js:2477
[     945ms] [LOG] [Sync] ✅ ordenes-compra: Downloaded 4 items from server @ http://localhost:3000/_next/static/chunks/node_modules_next_dist_115brz8._.js:2477
[     948ms] [LOG] [Zustand Persist] Guardando 13 productos en localStorage @ http://localhost:3000/_next/static/chunks/node_modules_next_dist_115brz8._.js:2477
[     949ms] [LOG] [Sync] ✅ productos: Downloaded 13 items from server @ http://localhost:3000/_next/static/chunks/node_modules_next_dist_115brz8._.js:2477
[     952ms] [LOG] [Sync] ✅ proveedores: Both have data - keeping local (more recent) @ http://localhost:3000/_next/static/chunks/node_modules_next_dist_115brz8._.js:2477
[     953ms] [LOG] [Sync] ✅ bodegas: Downloaded 2 items from server @ http://localhost:3000/_next/static/chunks/node_modules_next_dist_115brz8._.js:2477
[     956ms] [LOG] [Sync] ✅ referencias: Both have data - keeping local (more recent) @ http://localhost:3000/_next/static/chunks/node_modules_next_dist_115brz8._.js:2477
[     961ms] [LOG] [Sync] ✅ centros-costo: Downloaded 5 items from server @ http://localhost:3000/_next/static/chunks/node_modules_next_dist_115brz8._.js:2477
[     965ms] [LOG] [Sync] ✅ transferencias: Downloaded 1 items from server @ http://localhost:3000/_next/static/chunks/node_modules_next_dist_115brz8._.js:2477
[     967ms] [LOG] [Sync] ℹ️  ajustes-inventario: Both empty @ http://localhost:3000/_next/static/chunks/node_modules_next_dist_115brz8._.js:2477
[     972ms] [LOG] [Sync] ✅ recepcion-facturas: Downloaded 3 items from server @ http://localhost:3000/_next/static/chunks/node_modules_next_dist_115brz8._.js:2477
[     975ms] [LOG] [Sync] ℹ️  recepcion-remisiones: Both empty @ http://localhost:3000/_next/static/chunks/node_modules_next_dist_115brz8._.js:2477
[     979ms] [LOG] [Sync] ✅ usuarios: Both have data - keeping local (more recent) @ http://localhost:3000/_next/static/chunks/node_modules_next_dist_115brz8._.js:2477
[     990ms] [LOG] [Sync] ℹ️  carga-inicial: Both empty @ http://localhost:3000/_next/static/chunks/node_modules_next_dist_115brz8._.js:2477
[     994ms] [LOG] [Sync] ✅ personal-empresa: Downloaded 5 items from server @ http://localhost:3000/_next/static/chunks/node_modules_next_dist_115brz8._.js:2477
[     998ms] [LOG] [Sync] ✅ tareas: Downloaded 4 items from server @ http://localhost:3000/_next/static/chunks/node_modules_next_dist_115brz8._.js:2477
[    1010ms] [LOG] [Sync] ✅ modulos-sistema: Downloaded 22 items from server @ http://localhost:3000/_next/static/chunks/node_modules_next_dist_115brz8._.js:2477
[    1017ms] [LOG] [Sync] ✅ pedidos: Downloaded 1 items from server @ http://localhost:3000/_next/static/chunks/node_modules_next_dist_115brz8._.js:2477
[    1018ms] [LOG] [Sync] ℹ️  pagos-proveedores: Both empty @ http://localhost:3000/_next/static/chunks/node_modules_next_dist_115brz8._.js:2477
[    1027ms] [LOG] [Sync] ✅ datos-empresa: Downloaded 1 items from server @ http://localhost:3000/_next/static/chunks/node_modules_next_dist_115brz8._.js:2477
[    1037ms] [LOG] [Sync] ℹ️  control-bancario: Both empty @ http://localhost:3000/_next/static/chunks/node_modules_next_dist_115brz8._.js:2477
[   36183ms] [LOG] Filas encontradas: 4 @ http://localhost:3000/_next/static/chunks/node_modules_next_dist_115brz8._.js:2477
[   36183ms] [LOG] Celdas en primera fila: 8 @ http://localhost:3000/_next/static/chunks/node_modules_next_dist_115brz8._.js:2477
[   36183ms] [LOG] Celda 0: OC-00001 @ http://localhost:3000/_next/static/chunks/node_modules_next_dist_115brz8._.js:2477
[   36183ms] [LOG] Celda 1: Solintos S.A.S. @ http://localhost:3000/_next/static/chunks/node_modules_next_dist_115brz8._.js:2477
[   36183ms] [LOG] Celda 2: 23/03/2026 @ http://localhost:3000/_next/static/chunks/node_modules_next_dist_115brz8._.js:2477
[   36183ms] [LOG] Celda 3: 06/04/2026 @ http://localhost:3000/_next/static/chunks/node_modules_next_dist_115brz8._.js:2477
[   36183ms] [LOG] Celda 4: Horacio Mendez @ http://localhost:3000/_next/static/chunks/node_modules_next_dist_115brz8._.js:2477
[   36183ms] [LOG] Celda 5: 12,967,256.00 @ http://localhost:3000/_next/static/chunks/node_modules_next_dist_115brz8._.js:2477
[   36183ms] [LOG] Celda 6: Recibida Completa @ http://localhost:3000/_next/static/chunks/node_modules_next_dist_115brz8._.js:2477
[   36183ms] [LOG] Celda 7: Ver @ http://localhost:3000/_next/static/chunks/node_modules_next_dist_115brz8._.js:2477
[   36183ms] [LOG] Botón encontrado: Ver @ http://localhost:3000/_next/static/chunks/node_modules_next_dist_115brz8._.js:2477
[  105298ms] [LOG] Botones encontrados: @ http://localhost:3000/_next/static/chunks/node_modules_next_dist_115brz8._.js:2477
[  105298ms] [LOG] - 👥Clientes↗ @ http://localhost:3000/_next/static/chunks/node_modules_next_dist_115brz8._.js:2477
[  105298ms] [LOG] - 🏭Producción▼ @ http://localhost:3000/_next/static/chunks/node_modules_next_dist_115brz8._.js:2477
[  105298ms] [LOG] - ☰ @ http://localhost:3000/_next/static/chunks/node_modules_next_dist_115brz8._.js:2477
[  105298ms] [LOG] - 🇪🇸 ES @ http://localhost:3000/_next/static/chunks/node_modules_next_dist_115brz8._.js:2477
[  105298ms] [LOG] - 🇬🇧 EN @ http://localhost:3000/_next/static/chunks/node_modules_next_dist_115brz8._.js:2477
[  105298ms] [LOG] - Salir @ http://localhost:3000/_next/static/chunks/node_modules_next_dist_115brz8._.js:2477
[  105298ms] [LOG] - ← Volver a Órdenes @ http://localhost:3000/_next/static/chunks/node_modules_next_dist_115brz8._.js:2477
[  105298ms] [LOG] - 📧 Enviar por Email @ http://localhost:3000/_next/static/chunks/node_modules_next_dist_115brz8._.js:2477
[  105298ms] [LOG] - 🖨 Generar PDF @ http://localhost:3000/_next/static/chunks/node_modules_next_dist_115brz8._.js:2477
[  158891ms] [LOG] Selects encontrados: 9 @ http://localhost:3000/_next/static/chunks/node_modules_next_dist_115brz8._.js:2477
[  158892ms] [LOG] Label de Tipo de Inventario encontrado @ http://localhost:3000/_next/static/chunks/node_modules_next_dist_115brz8._.js:2477
[  158892ms] [LOG] Select options: [— Seleccione Tipo de Inventario —, Mercancía, Materia Prima] @ http://localhost:3000/_next/static/chunks/node_modules_next_dist_115brz8._.js:2477
[  203900ms] [LOG] Input encontrado: Escriba código (ej: PROD-00001) o nombre del producto... @ http://localhost:3000/_next/static/chunks/node_modules_next_dist_115brz8._.js:2477
[  204005ms] [LOG] Divs con position absolute: 0 @ http://localhost:3000/_next/static/chunks/node_modules_next_dist_115brz8._.js:2477
